<?xml version="1.0" encoding="UTF-8"?>
<testng-results ignored="0" total="1" passed="1" failed="0" skipped="0">
  <reporter-output>
  </reporter-output>
  <suite started-at="2025-04-12T14:17:58 IST" name="Default suite" finished-at="2025-04-12T14:18:09 IST" duration-ms="10987">
    <groups>
    </groups>
    <test started-at="2025-04-12T14:17:58 IST" name="Default test" finished-at="2025-04-12T14:18:09 IST" duration-ms="10987">
      <class name="giftcards.Tc_dws_004_test">
        <test-method is-config="true" signature="reportConfigration()[pri:0, instance:giftcards.Tc_dws_004_test@26794848]" started-at="2025-04-12T14:17:57 IST" name="reportConfigration" finished-at="2025-04-12T14:17:58 IST" duration-ms="340" status="PASS">
          <reporter-output>
          </reporter-output>
        </test-method> <!-- reportConfigration -->
        <test-method is-config="true" signature="OpenBrowser()[pri:0, instance:giftcards.Tc_dws_004_test@26794848]" started-at="2025-04-12T14:17:58 IST" name="OpenBrowser" finished-at="2025-04-12T14:18:04 IST" duration-ms="6204" status="PASS">
          <reporter-output>
          </reporter-output>
        </test-method> <!-- OpenBrowser -->
        <test-method is-config="true" signature="login()[pri:0, instance:giftcards.Tc_dws_004_test@26794848]" started-at="2025-04-12T14:18:04 IST" name="login" finished-at="2025-04-12T14:18:06 IST" duration-ms="2033" status="PASS">
          <reporter-output>
          </reporter-output>
        </test-method> <!-- login -->
        <test-method signature="clickOnGiftCards()[pri:0, instance:giftcards.Tc_dws_004_test@26794848]" started-at="2025-04-12T14:18:06 IST" name="clickOnGiftCards" finished-at="2025-04-12T14:18:07 IST" duration-ms="1157" status="PASS">
          <reporter-output>
          </reporter-output>
        </test-method> <!-- clickOnGiftCards -->
        <test-method is-config="true" signature="logout()[pri:0, instance:giftcards.Tc_dws_004_test@26794848]" started-at="2025-04-12T14:18:07 IST" name="logout" finished-at="2025-04-12T14:18:08 IST" duration-ms="1139" status="PASS">
          <reporter-output>
          </reporter-output>
        </test-method> <!-- logout -->
        <test-method is-config="true" signature="closeBrowser()[pri:0, instance:giftcards.Tc_dws_004_test@26794848]" started-at="2025-04-12T14:18:08 IST" name="closeBrowser" finished-at="2025-04-12T14:18:09 IST" duration-ms="404" status="PASS">
          <reporter-output>
          </reporter-output>
        </test-method> <!-- closeBrowser -->
        <test-method is-config="true" signature="reportBackup()[pri:0, instance:giftcards.Tc_dws_004_test@26794848]" started-at="2025-04-12T14:18:09 IST" name="reportBackup" finished-at="2025-04-12T14:18:09 IST" duration-ms="518" status="PASS">
          <reporter-output>
          </reporter-output>
        </test-method> <!-- reportBackup -->
      </class> <!-- giftcards.Tc_dws_004_test -->
    </test> <!-- Default test -->
  </suite> <!-- Default suite -->
</testng-results>
